
****************************************
**********CSV Dataset Migrator**********
****************************************

Wed Mar 29 13:16:55 EDT 2017 - [INFO] - CSV Dataset Migrator has started a new job. Migrating 6 archives now.
Wed Mar 29 13:16:55 EDT 2017 - [INFO] - Extracting incoming/DATA_20160304_0811.csv.gz to data...
Wed Mar 29 13:16:55 EDT 2017 - [INFO] - Cleaning up old archive...
Wed Mar 29 13:16:55 EDT 2017 - [INFO] - Extracting incoming/DATA_20160305_0811.csv.gz to data...
Wed Mar 29 13:16:55 EDT 2017 - [INFO] - Cleaning up old archive...
Wed Mar 29 13:16:55 EDT 2017 - [INFO] - Extracting incoming/DATA_20160305_0881.csv.gz to data...
Wed Mar 29 13:16:55 EDT 2017 - [INFO] - Cleaning up old archive...
Wed Mar 29 13:16:55 EDT 2017 - [INFO] - Extracting incoming/DATA_20170101_1201.csv.gz to data...
Wed Mar 29 13:16:55 EDT 2017 - [INFO] - Cleaning up old archive...
Wed Mar 29 13:16:55 EDT 2017 - [INFO] - Extracting incoming/DATA_20170328_1246.csv.gz to data...
Wed Mar 29 13:16:55 EDT 2017 - [INFO] - Cleaning up old archive...
Wed Mar 29 13:16:55 EDT 2017 - [INFO] - Extracting incoming/DATA_20171108_1311.csv.gz to data...
Wed Mar 29 13:16:55 EDT 2017 - [INFO] - Cleaning up old archive...
Wed Mar 29 13:16:55 EDT 2017 - [INFO] - CSV Dataset Migrator has finished a job. 

Wed Mar 29 13:17:03 EDT 2017 - [ERROR] There were no .csv.gz archives in ./data/. Cannot continue.

****************************************
**********CSV Dataset Migrator**********
****************************************

Wed Mar 29 13:17:12 EDT 2017 - [INFO] - CSV Dataset Migrator has started a new job. Migrating 6 archives now.
Wed Mar 29 13:17:14 EDT 2017 - [WARN] - A file named DATA_20160304_0811.csv already exists within ./data/. This CSV dataset has been skipped.
Wed Mar 29 13:17:14 EDT 2017 - [WARN] - A file named DATA_20160305_0811.csv already exists within ./data/. This CSV dataset has been skipped.
Wed Mar 29 13:17:14 EDT 2017 - [WARN] - A file named DATA_20160305_0881.csv already exists within ./data/. This CSV dataset has been skipped.
Wed Mar 29 13:17:14 EDT 2017 - [WARN] - A file named DATA_20170101_1201.csv already exists within ./data/. This CSV dataset has been skipped.
Wed Mar 29 13:17:15 EDT 2017 - [WARN] - A file named DATA_20170328_1246.csv already exists within ./data/. This CSV dataset has been skipped.
Wed Mar 29 13:17:20 EDT 2017 - [INFO] - CSV Dataset Migrator has finished a job. 

Wed Mar 29 13:17:25 EDT 2017 - [INFO] - An email of the output log was sent to the administrator.
